{
  "stats": {
    "suites": 1,
    "tests": 1,
    "passes": 1,
    "pending": 0,
    "failures": 0,
    "start": "2022-08-03T09:09:30.728Z",
    "end": "2022-08-03T09:09:30.989Z",
    "duration": 261,
    "testsRegistered": 1,
    "passPercent": 100,
    "pendingPercent": 0,
    "other": 0,
    "hasOther": false,
    "skipped": 0,
    "hasSkipped": false
  },
  "results": [
    {
      "uuid": "baf3bc03-067b-475f-88ea-e6fe4bfa2387",
      "title": "",
      "fullFile": "cypress/integration/PassCase/login2.spec.js",
      "file": "cypress/integration/PassCase/login2.spec.js",
      "beforeHooks": [],
      "afterHooks": [],
      "tests": [],
      "suites": [
        {
          "uuid": "892da851-516c-40bf-9442-47a1ec0e1032",
          "title": "verify the login",
          "fullFile": "",
          "file": "",
          "beforeHooks": [],
          "afterHooks": [],
          "tests": [
            {
              "title": "verify with valid credential",
              "fullTitle": "verify the login verify with valid credential",
              "timedOut": null,
              "duration": 146,
              "state": "passed",
              "speed": "fast",
              "pass": true,
              "fail": false,
              "pending": false,
              "context": null,
              "code": "expect(1).to.eqls(1);",
              "err": {},
              "uuid": "d81625c4-6e48-404e-91a3-cf2ff68470a5",
              "parentUUID": "892da851-516c-40bf-9442-47a1ec0e1032",
              "isHook": false,
              "skipped": false
            }
          ],
          "suites": [],
          "passes": [
            "d81625c4-6e48-404e-91a3-cf2ff68470a5"
          ],
          "failures": [],
          "pending": [],
          "skipped": [],
          "duration": 146,
          "root": false,
          "rootEmpty": false,
          "_timeout": 2000
        }
      ],
      "passes": [],
      "failures": [],
      "pending": [],
      "skipped": [],
      "duration": 0,
      "root": true,
      "rootEmpty": true,
      "_timeout": 2000
    }
  ],
  "meta": {
    "mocha": {
      "version": "7.0.1"
    },
    "mochawesome": {
      "options": {
        "quiet": false,
        "reportFilename": "mochawesome",
        "saveHtml": false,
        "saveJson": true,
        "consoleReporter": "spec",
        "useInlineDiffs": false,
        "code": true
      },
      "version": "7.1.3"
    },
    "marge": {
      "options": {
        "id": "default",
        "reportDir": "cypress/reports/mocha",
        "quite": true,
        "overwrite": false,
        "html": false,
        "json": true
      },
      "version": "6.2.0"
    }
  }
}